Using pre-set license
Built from '2020.3/release' branch; Version is '2020.3.2f1 (8fd9074bf66c) revision 9427207'; Using compiler version '192528614'; Build Type 'Release'
OS: 'Windows 10 Home Single Language; OS build 19043.1052; Version 2009; 64bit' Language: 'es' Physical Memory: 7969 MB
BatchMode: 1, IsHumanControllingUs: 0, StartBugReporterOnCrash: 0, Is64bit: 1, IsPro: 0

 COMMAND LINE ARGUMENTS:
C:\Program Files\Unity\Hub\Editor\2020.3.2f1\Editor\Unity.exe
-adb2
-batchMode
-noUpm
-name
AssetImportWorker0
-projectPath
C:/Users/luisg/Documents/unity course/primero/03_Fetch
-logFile
Logs/AssetImportWorker0.log
-srvPort
33825
Successfully changed project path to: C:/Users/luisg/Documents/unity course/primero/03_Fetch
C:/Users/luisg/Documents/unity course/primero/03_Fetch
Using Asset Import Pipeline V2.
Refreshing native plugins compatible for Editor in 63.16 ms, found 3 plugins.
Preloading 0 native plugins for Editor in 0.00 ms.
Initialize engine version: 2020.3.2f1 (8fd9074bf66c)
[Subsystems] Discovering subsystems at path C:/Program Files/Unity/Hub/Editor/2020.3.2f1/Editor/Data/Resources/UnitySubsystems
[Subsystems] Discovering subsystems at path C:/Users/luisg/Documents/unity course/primero/03_Fetch/Assets
GfxDevice: creating device client; threaded=0
Direct3D:
    Version:  Direct3D 11.0 [level 11.1]
    Renderer: Intel(R) UHD Graphics (ID=0x8a56)
    Vendor:   
    VRAM:     3984 MB
    Driver:   26.20.100.7372
Initialize mono
Mono path[0] = 'C:/Program Files/Unity/Hub/Editor/2020.3.2f1/Editor/Data/Managed'
Mono path[1] = 'C:/Program Files/Unity/Hub/Editor/2020.3.2f1/Editor/Data/MonoBleedingEdge/lib/mono/unityjit'
Mono config path = 'C:/Program Files/Unity/Hub/Editor/2020.3.2f1/Editor/Data/MonoBleedingEdge/etc'
Using monoOptions --debugger-agent=transport=dt_socket,embedding=1,server=y,suspend=n,address=127.0.0.1:56868
Begin MonoManager ReloadAssembly
Registering precompiled unity dll's ...
Register platform support module: C:/Program Files/Unity/Hub/Editor/2020.3.2f1/Editor/Data/PlaybackEngines/WebGLSupport/UnityEditor.WebGL.Extensions.dll
Register platform support module: C:/Program Files/Unity/Hub/Editor/2020.3.2f1/Editor/Data/PlaybackEngines/WindowsStandaloneSupport/UnityEditor.WindowsStandalone.Extensions.dll
Registered in 0.003112 seconds.
Native extension for WindowsStandalone target not found
Native extension for WebGL target not found
Refreshing native plugins compatible for Editor in 49.14 ms, found 3 plugins.
Preloading 0 native plugins for Editor in 0.00 ms.
Invoked RoslynAnalysisRunner static constructor.
RoslynAnalysisRunner will not be running.
RoslynAnalysisRunner has terminated.
Mono: successfully reloaded assembly
- Completed reload, in  2.750 seconds
Platform modules already initialized, skipping
Registering precompiled user dll's ...
Registered in 0.006659 seconds.
Begin MonoManager ReloadAssembly
Native extension for WindowsStandalone target not found
Native extension for WebGL target not found
Refreshing native plugins compatible for Editor in 0.83 ms, found 3 plugins.
Preloading 0 native plugins for Editor in 0.00 ms.
Invoked RoslynAnalysisRunner static constructor.
RoslynAnalysisRunner will not be running.
RoslynAnalysisRunner has terminated.
Mono: successfully reloaded assembly
- Completed reload, in  2.139 seconds
Platform modules already initialized, skipping
========================================================================
Worker process is ready to serve import requests
Launched and connected shader compiler UnityShaderCompiler.exe after 0.08 seconds
Refreshing native plugins compatible for Editor in 1.01 ms, found 3 plugins.
Preloading 0 native plugins for Editor in 0.00 ms.
Unloading 1460 Unused Serialized files (Serialized files now loaded: 0)
System memory in use before: 68.3 MB.
System memory in use after: 68.3 MB.

Unloading 25 unused Assets to reduce memory usage. Loaded Objects now: 1894.
Total: 4.018600 ms (FindLiveObjects: 0.412800 ms CreateObjectMapping: 0.143700 ms MarkObjects: 3.157500 ms  DeleteObjects: 0.300800 ms)

========================================================================
Received Import Request.
  path: Assets/PlaneTimeline.playable
  artifactKey: Guid(d97d4f66213d3ec40894240897cc61f1) Importer(815301076,1909f56bfc062723c751e8b465ee728b)
Start importing Assets/PlaneTimeline.playable using Guid(d97d4f66213d3ec40894240897cc61f1) Importer(815301076,1909f56bfc062723c751e8b465ee728b)  -> (artifact id: '50d256f3919f644bbdadd387f3dc16a5') in 0.121154 seconds
  Import took 0.131581 seconds .

========================================================================
Received Import Request.
  Time since last request: 0.000403 seconds.
  path: Assets/SphereTimeline.playable
  artifactKey: Guid(9bd853e8f315a7442b3a3af51f83c002) Importer(815301076,1909f56bfc062723c751e8b465ee728b)
Start importing Assets/SphereTimeline.playable using Guid(9bd853e8f315a7442b3a3af51f83c002) Importer(815301076,1909f56bfc062723c751e8b465ee728b)  -> (artifact id: 'e34a02a5ef79c067bebe738326ca9249') in 0.051517 seconds
  Import took 0.058678 seconds .

========================================================================
Received Import Request.
  Time since last request: 0.000815 seconds.
  path: Assets/_Scripts/FollowPlayer.cs
  artifactKey: Guid(e2f14c7c6ff8e4641ae96f5e99ee4ac2) Importer(815301076,1909f56bfc062723c751e8b465ee728b)
Start importing Assets/_Scripts/FollowPlayer.cs using Guid(e2f14c7c6ff8e4641ae96f5e99ee4ac2) Importer(815301076,1909f56bfc062723c751e8b465ee728b)  -> (artifact id: '7c307b12ab19089ada02f211c919aa07') in 0.040859 seconds
  Import took 0.049905 seconds .

